<?xml version="1.0" encoding="UTF-8"?>
<!-- Generated by org.testng.reporters.JUnitXMLReporter -->
<testsuite ignored="0" hostname="LAPTOP-AOTFQ1S8" failures="0" tests="2" name="Default test" time="25.322" errors="0" timestamp="2023-01-04T11:19:47 IST">
  <testcase classname="com.insurance.esiInsurance.modules.Create_And_Edit_Client_Test" name="createclient" time="4.206"/>
  <testcase classname="com.insurance.esiInsurance.modules.Create_And_Edit_Client_Test" name="editClient" time="1.997"/>
</testsuite> <!-- Default test -->
