<?xml version="1.0" encoding="UTF-8"?>
<!-- Generated by org.testng.reporters.JUnitXMLReporter -->
<testsuite ignored="2" hostname="LAPTOP-AOTFQ1S8" failures="0" tests="1" name="Test_runner-3" time="38.883" errors="0" timestamp="2023-01-03T10:56:56 IST">
  <testcase classname="com.insurance.esiInsurance.modules.Add_Edit_Delete_Payment_Test" name="deletePayment" time="14.167"/>
  <testcase classname="com.insurance.esiInsurance.modules.Add_Edit_Delete_Payment_Test" name="editpayment" time="0.0">
    <ignored/>
  </testcase> <!-- editpayment -->
  <testcase classname="com.insurance.esiInsurance.modules.Add_Edit_Delete_Payment_Test" name="addPayment" time="0.0">
    <ignored/>
  </testcase> <!-- addPayment -->
</testsuite> <!-- Test_runner-3 -->
