<?xml version="1.0" encoding="UTF-8"?>
<!-- Generated by org.testng.reporters.JUnitXMLReporter -->
<testsuite ignored="2" hostname="LAPTOP-AOTFQ1S8" failures="0" tests="1" name="Test_runner-2" time="41.49" errors="0" timestamp="2023-01-03T10:56:58 IST">
  <testcase classname="com.insurance.esiInsurance.modules.Add_Edit_Delete_Payment_Test" name="editpayment" time="2.453"/>
  <testcase classname="com.insurance.esiInsurance.modules.Add_Edit_Delete_Payment_Test" name="deletePayment" time="0.0">
    <ignored/>
  </testcase> <!-- deletePayment -->
  <testcase classname="com.insurance.esiInsurance.modules.Add_Edit_Delete_Payment_Test" name="addPayment" time="0.0">
    <ignored/>
  </testcase> <!-- addPayment -->
</testsuite> <!-- Test_runner-2 -->
