<?xml version="1.0" encoding="UTF-8"?>
<testng-results ignored="0" total="1" passed="1" failed="0" skipped="0">
  <reporter-output>
  </reporter-output>
  <suite started-at="2022-12-30T10:19:27 IST" name="Default suite" finished-at="2022-12-30T10:19:45 IST" duration-ms="17892">
    <groups>
    </groups>
    <test started-at="2022-12-30T10:19:27 IST" name="Default test" finished-at="2022-12-30T10:19:45 IST" duration-ms="17892">
      <class name="com.insurance.esiInsurance.modules.TC_003_AddNewPaymentTest">
        <test-method signature="addpayment()[pri:0, instance:com.insurance.esiInsurance.modules.TC_003_AddNewPaymentTest@5b1669c0]" started-at="2022-12-30T10:19:27 IST" name="addpayment" finished-at="2022-12-30T10:19:45 IST" duration-ms="17624" status="PASS">
          <reporter-output>
          </reporter-output>
        </test-method> <!-- addpayment -->
      </class> <!-- com.insurance.esiInsurance.modules.TC_003_AddNewPaymentTest -->
    </test> <!-- Default test -->
  </suite> <!-- Default suite -->
</testng-results>
